# JRE version: OpenJDK Runtime Environment Temurin-17.0.7+7 (17.0.7+7) (build 17.0.7+7)
# Java VM: OpenJDK 64-Bit Server VM Temurin-17.0.7+7 (17.0.7+7, mixed mode, emulated-client, sharing, tiered, compressed oops, compressed class ptrs, g1 gc, windows-amd64)
GC Precious Log:
 CPUs: 12 total, 12 available
 Memory: 15754M
 Large Page Support: Disabled
 NUMA Support: Disabled
 Compressed Oops: Enabled (Zero based)
 Heap Region Size: 2M
 Heap Min Capacity: 8M
 Heap Initial Capacity: 248M
 Heap Max Capacity: 3940M
 Pre-touch: Disabled
 Parallel Workers: 10
 Concurrent Workers: 3
 Concurrent Refinement Workers: 10
 Periodic GC: Disabled
Heap:
 garbage-first heap   total 122880K, used 80630K [0x0000000709c00000, 0x0000000800000000)
  region size 2048K, 27 young (55296K), 4 survivors (8192K)
 Metaspace       used 57064K, committed 57600K, reserved 1114112K
  class space    used 8161K, committed 8448K, reserved 1048576K
GC Heap History (20 events):
Event: 0.423 GC heap before
{Heap before GC invocations=0 (full 0):
 garbage-first heap   total 253952K, used 20480K [0x0000000709c00000, 0x0000000800000000)
  region size 2048K, 11 young (22528K), 0 survivors (0K)
 Metaspace       used 5403K, committed 5632K, reserved 1114112K
  class space    used 673K, committed 768K, reserved 1048576K
}
Event: 0.426 GC heap after
{Heap after GC invocations=1 (full 0):
 garbage-first heap   total 253952K, used 9615K [0x0000000709c00000, 0x0000000800000000)
  region size 2048K, 2 young (4096K), 2 survivors (4096K)
 Metaspace       used 5403K, committed 5632K, reserved 1114112K
  class space    used 673K, committed 768K, reserved 1048576K
}
Event: 0.579 GC heap before
{Heap before GC invocations=1 (full 0):
 garbage-first heap   total 253952K, used 25999K [0x0000000709c00000, 0x0000000800000000)
  region size 2048K, 11 young (22528K), 2 survivors (4096K)
 Metaspace       used 6995K, committed 7104K, reserved 1114112K
  class space    used 905K, committed 960K, reserved 1048576K
}
Event: 0.581 GC heap after
{Heap after GC invocations=2 (full 0):
 garbage-first heap   total 253952K, used 10519K [0x0000000709c00000, 0x0000000800000000)
  region size 2048K, 1 young (2048K), 1 survivors (2048K)
 Metaspace       used 6995K, committed 7104K, reserved 1114112K
  class space    used 905K, committed 960K, reserved 1048576K
}
Event: 1.152 GC heap before
{Heap before GC invocations=2 (full 0):
 garbage-first heap   total 253952K, used 71959K [0x0000000709c00000, 0x0000000800000000)
  region size 2048K, 31 young (63488K), 1 survivors (2048K)
 Metaspace       used 17183K, committed 17536K, reserved 1114112K
  class space    used 2469K, committed 2624K, reserved 1048576K
}
Event: 1.155 GC heap after
{Heap after GC invocations=3 (full 0):
 garbage-first heap   total 253952K, used 13618K [0x0000000709c00000, 0x0000000800000000)
  region size 2048K, 2 young (4096K), 2 survivors (4096K)
 Metaspace       used 17183K, committed 17536K, reserved 1114112K
  class space    used 2469K, committed 2624K, reserved 1048576K
}
Event: 1.257 GC heap before
{Heap before GC invocations=3 (full 0):
 garbage-first heap   total 253952K, used 38194K [0x0000000709c00000, 0x0000000800000000)
  region size 2048K, 15 young (30720K), 2 survivors (4096K)
 Metaspace       used 21193K, committed 21504K, reserved 1114112K
  class space    used 2921K, committed 3072K, reserved 1048576K
}
Event: 1.259 GC heap after
{Heap after GC invocations=4 (full 0):
 garbage-first heap   total 253952K, used 15696K [0x0000000709c00000, 0x0000000800000000)
  region size 2048K, 3 young (6144K), 3 survivors (6144K)
 Metaspace       used 21193K, committed 21504K, reserved 1114112K
  class space    used 2921K, committed 3072K, reserved 1048576K
}
Event: 1.446 GC heap before
{Heap before GC invocations=5 (full 0):
 garbage-first heap   total 61440K, used 44368K [0x0000000709c00000, 0x0000000800000000)
  region size 2048K, 19 young (38912K), 3 survivors (6144K)
 Metaspace       used 23795K, committed 24128K, reserved 1114112K
  class space    used 3313K, committed 3456K, reserved 1048576K
}
Event: 1.449 GC heap after
{Heap after GC invocations=6 (full 0):
 garbage-first heap   total 61440K, used 17970K [0x0000000709c00000, 0x0000000800000000)
  region size 2048K, 5 young (10240K), 5 survivors (10240K)
 Metaspace       used 23795K, committed 24128K, reserved 1114112K
  class space    used 3313K, committed 3456K, reserved 1048576K
}
Event: 1.463 GC heap before
{Heap before GC invocations=6 (full 0):
 garbage-first heap   total 61440K, used 20018K [0x0000000709c00000, 0x0000000800000000)
  region size 2048K, 6 young (12288K), 5 survivors (10240K)
 Metaspace       used 23824K, committed 24192K, reserved 1114112K
  class space    used 3318K, committed 3456K, reserved 1048576K
}
Event: 1.466 GC heap after
{Heap after GC invocations=7 (full 0):
 garbage-first heap   total 61440K, used 19084K [0x0000000709c00000, 0x0000000800000000)
  region size 2048K, 1 young (2048K), 1 survivors (2048K)
 Metaspace       used 23824K, committed 24192K, reserved 1114112K
  class space    used 3318K, committed 3456K, reserved 1048576K
}
Event: 1.629 GC heap before
{Heap before GC invocations=7 (full 0):
 garbage-first heap   total 61440K, used 41612K [0x0000000709c00000, 0x0000000800000000)
  region size 2048K, 12 young (24576K), 1 survivors (2048K)
 Metaspace       used 26301K, committed 26624K, reserved 1114112K
  class space    used 3627K, committed 3776K, reserved 1048576K
}
Event: 1.631 GC heap after
{Heap after GC invocations=8 (full 0):
 garbage-first heap   total 157696K, used 20084K [0x0000000709c00000, 0x0000000800000000)
  region size 2048K, 2 young (4096K), 2 survivors (4096K)
 Metaspace       used 26301K, committed 26624K, reserved 1114112K
  class space    used 3627K, committed 3776K, reserved 1048576K
}
Event: 2.425 GC heap before
{Heap before GC invocations=8 (full 0):
 garbage-first heap   total 157696K, used 108148K [0x0000000709c00000, 0x0000000800000000)
  region size 2048K, 46 young (94208K), 2 survivors (4096K)
 Metaspace       used 34891K, committed 35392K, reserved 1114112K
  class space    used 5035K, committed 5312K, reserved 1048576K
}
Event: 2.431 GC heap after
{Heap after GC invocations=9 (full 0):
 garbage-first heap   total 157696K, used 31624K [0x0000000709c00000, 0x0000000800000000)
  region size 2048K, 6 young (12288K), 6 survivors (12288K)
 Metaspace       used 34891K, committed 35392K, reserved 1114112K
  class space    used 5035K, committed 5312K, reserved 1048576K
}
Event: 2.571 GC heap before
{Heap before GC invocations=9 (full 0):
 garbage-first heap   total 157696K, used 58248K [0x0000000709c00000, 0x0000000800000000)
  region size 2048K, 20 young (40960K), 6 survivors (12288K)
 Metaspace       used 35615K, committed 36096K, reserved 1114112K
  class space    used 5124K, committed 5376K, reserved 1048576K
}
Event: 2.575 GC heap after
{Heap after GC invocations=10 (full 0):
 garbage-first heap   total 157696K, used 32045K [0x0000000709c00000, 0x0000000800000000)
  region size 2048K, 2 young (4096K), 2 survivors (4096K)
 Metaspace       used 35615K, committed 36096K, reserved 1114112K
  class space    used 5124K, committed 5376K, reserved 1048576K
}
Event: 3.269 GC heap before
{Heap before GC invocations=11 (full 0):
 garbage-first heap   total 122880K, used 101677K [0x0000000709c00000, 0x0000000800000000)
  region size 2048K, 37 young (75776K), 2 survivors (4096K)
 Metaspace       used 49816K, committed 50432K, reserved 1114112K
  class space    used 7124K, committed 7424K, reserved 1048576K
}
Event: 3.272 GC heap after
{Heap after GC invocations=12 (full 0):
 garbage-first heap   total 122880K, used 35574K [0x0000000709c00000, 0x0000000800000000)
  region size 2048K, 4 young (8192K), 4 survivors (8192K)
 Metaspace       used 49816K, committed 50432K, reserved 1114112K
  class space    used 7124K, committed 7424K, reserved 1048576K
}

