# JRE version: OpenJDK Runtime Environment Temurin-17.0.7+7 (17.0.7+7) (build 17.0.7+7)
# Java VM: OpenJDK 64-Bit Server VM Temurin-17.0.7+7 (17.0.7+7, mixed mode, emulated-client, sharing, tiered, compressed oops, compressed class ptrs, g1 gc, windows-amd64)
GC Precious Log:
 CPUs: 12 total, 12 available
 Memory: 15754M
 Large Page Support: Disabled
 NUMA Support: Disabled
 Compressed Oops: Enabled (Zero based)
 Heap Region Size: 2M
 Heap Min Capacity: 8M
 Heap Initial Capacity: 248M
 Heap Max Capacity: 3940M
 Pre-touch: Disabled
 Parallel Workers: 10
 Concurrent Workers: 3
 Concurrent Refinement Workers: 10
 Periodic GC: Disabled
Heap:
 garbage-first heap   total 360448K, used 85315K [0x0000000709c00000, 0x0000000800000000)
  region size 2048K, 2 young (4096K), 2 survivors (4096K)
 Metaspace       used 87859K, committed 88576K, reserved 1179648K
  class space    used 13069K, committed 13376K, reserved 1048576K
GC Heap History (20 events):
Event: 2723.027 GC heap after
{Heap after GC invocations=82 (full 0):
 garbage-first heap   total 360448K, used 80657K [0x0000000709c00000, 0x0000000800000000)
  region size 2048K, 1 young (2048K), 1 survivors (2048K)
 Metaspace       used 87857K, committed 88576K, reserved 1179648K
  class space    used 13068K, committed 13376K, reserved 1048576K
}
Event: 2723.030 GC heap before
{Heap before GC invocations=82 (full 0):
 garbage-first heap   total 360448K, used 80657K [0x0000000709c00000, 0x0000000800000000)
  region size 2048K, 3 young (6144K), 1 survivors (2048K)
 Metaspace       used 87857K, committed 88576K, reserved 1179648K
  class space    used 13068K, committed 13376K, reserved 1048576K
}
Event: 2723.032 GC heap after
{Heap after GC invocations=83 (full 0):
 garbage-first heap   total 360448K, used 81184K [0x0000000709c00000, 0x0000000800000000)
  region size 2048K, 2 young (4096K), 2 survivors (4096K)
 Metaspace       used 87857K, committed 88576K, reserved 1179648K
  class space    used 13068K, committed 13376K, reserved 1048576K
}
Event: 2754.909 GC heap before
{Heap before GC invocations=84 (full 0):
 garbage-first heap   total 321536K, used 218400K [0x0000000709c00000, 0x0000000800000000)
  region size 2048K, 53 young (108544K), 2 survivors (4096K)
 Metaspace       used 87857K, committed 88576K, reserved 1179648K
  class space    used 13068K, committed 13376K, reserved 1048576K
}
Event: 2754.912 GC heap after
{Heap after GC invocations=85 (full 0):
 garbage-first heap   total 321536K, used 91614K [0x0000000709c00000, 0x0000000800000000)
  region size 2048K, 7 young (14336K), 7 survivors (14336K)
 Metaspace       used 87857K, committed 88576K, reserved 1179648K
  class space    used 13068K, committed 13376K, reserved 1048576K
}
Event: 2754.922 GC heap before
{Heap before GC invocations=85 (full 0):
 garbage-first heap   total 321536K, used 91614K [0x0000000709c00000, 0x0000000800000000)
  region size 2048K, 8 young (16384K), 7 survivors (14336K)
 Metaspace       used 87857K, committed 88576K, reserved 1179648K
  class space    used 13068K, committed 13376K, reserved 1048576K
}
Event: 2754.924 GC heap after
{Heap after GC invocations=86 (full 0):
 garbage-first heap   total 321536K, used 87383K [0x0000000709c00000, 0x0000000800000000)
  region size 2048K, 1 young (2048K), 1 survivors (2048K)
 Metaspace       used 87857K, committed 88576K, reserved 1179648K
  class space    used 13068K, committed 13376K, reserved 1048576K
}
Event: 2754.925 GC heap before
{Heap before GC invocations=86 (full 0):
 garbage-first heap   total 321536K, used 89431K [0x0000000709c00000, 0x0000000800000000)
  region size 2048K, 3 young (6144K), 1 survivors (2048K)
 Metaspace       used 87857K, committed 88576K, reserved 1179648K
  class space    used 13068K, committed 13376K, reserved 1048576K
}
Event: 2754.926 GC heap after
{Heap after GC invocations=87 (full 0):
 garbage-first heap   total 321536K, used 88561K [0x0000000709c00000, 0x0000000800000000)
  region size 2048K, 2 young (4096K), 2 survivors (4096K)
 Metaspace       used 87857K, committed 88576K, reserved 1179648K
  class space    used 13068K, committed 13376K, reserved 1048576K
}
Event: 2763.967 GC heap before
{Heap before GC invocations=88 (full 0):
 garbage-first heap   total 321536K, used 223414K [0x0000000709c00000, 0x0000000800000000)
  region size 2048K, 53 young (108544K), 2 survivors (4096K)
 Metaspace       used 87859K, committed 88576K, reserved 1179648K
  class space    used 13069K, committed 13376K, reserved 1048576K
}
Event: 2763.969 GC heap after
{Heap after GC invocations=89 (full 0):
 garbage-first heap   total 321536K, used 95171K [0x0000000709c00000, 0x0000000800000000)
  region size 2048K, 7 young (14336K), 7 survivors (14336K)
 Metaspace       used 87859K, committed 88576K, reserved 1179648K
  class space    used 13069K, committed 13376K, reserved 1048576K
}
Event: 2763.986 GC heap before
{Heap before GC invocations=89 (full 0):
 garbage-first heap   total 321536K, used 95171K [0x0000000709c00000, 0x0000000800000000)
  region size 2048K, 8 young (16384K), 7 survivors (14336K)
 Metaspace       used 87859K, committed 88576K, reserved 1179648K
  class space    used 13069K, committed 13376K, reserved 1048576K
}
Event: 2763.988 GC heap after
{Heap after GC invocations=90 (full 0):
 garbage-first heap   total 321536K, used 86454K [0x0000000709c00000, 0x0000000800000000)
  region size 2048K, 1 young (2048K), 1 survivors (2048K)
 Metaspace       used 87859K, committed 88576K, reserved 1179648K
  class space    used 13069K, committed 13376K, reserved 1048576K
}
Event: 2764.005 GC heap before
{Heap before GC invocations=90 (full 0):
 garbage-first heap   total 321536K, used 86454K [0x0000000709c00000, 0x0000000800000000)
  region size 2048K, 3 young (6144K), 1 survivors (2048K)
 Metaspace       used 87859K, committed 88576K, reserved 1179648K
  class space    used 13069K, committed 13376K, reserved 1048576K
}
Event: 2764.006 GC heap after
{Heap after GC invocations=91 (full 0):
 garbage-first heap   total 321536K, used 88927K [0x0000000709c00000, 0x0000000800000000)
  region size 2048K, 2 young (4096K), 2 survivors (4096K)
 Metaspace       used 87859K, committed 88576K, reserved 1179648K
  class space    used 13069K, committed 13376K, reserved 1048576K
}
Event: 2772.105 GC heap before
{Heap before GC invocations=92 (full 0):
 garbage-first heap   total 321536K, used 216932K [0x0000000709c00000, 0x0000000800000000)
  region size 2048K, 51 young (104448K), 2 survivors (4096K)
 Metaspace       used 87859K, committed 88576K, reserved 1179648K
  class space    used 13069K, committed 13376K, reserved 1048576K
}
Event: 2772.106 GC heap after
{Heap after GC invocations=93 (full 0):
 garbage-first heap   total 321536K, used 91228K [0x0000000709c00000, 0x0000000800000000)
  region size 2048K, 6 young (12288K), 6 survivors (12288K)
 Metaspace       used 87859K, committed 88576K, reserved 1179648K
  class space    used 13069K, committed 13376K, reserved 1048576K
}
Event: 2772.118 GC heap before
{Heap before GC invocations=93 (full 0):
 garbage-first heap   total 321536K, used 91228K [0x0000000709c00000, 0x0000000800000000)
  region size 2048K, 7 young (14336K), 6 survivors (12288K)
 Metaspace       used 87859K, committed 88576K, reserved 1179648K
  class space    used 13069K, committed 13376K, reserved 1048576K
}
Event: 2772.120 GC heap after
{Heap after GC invocations=94 (full 0):
 garbage-first heap   total 321536K, used 84177K [0x0000000709c00000, 0x0000000800000000)
  region size 2048K, 1 young (2048K), 1 survivors (2048K)
 Metaspace       used 87859K, committed 88576K, reserved 1179648K
  class space    used 13069K, committed 13376K, reserved 1048576K
}
Event: 2772.136 GC heap before
{Heap before GC invocations=94 (full 0):
 garbage-first heap   total 321536K, used 86225K [0x0000000709c00000, 0x0000000800000000)
  region size 2048K, 3 young (6144K), 1 survivors (2048K)
 Metaspace       used 87859K, committed 88576K, reserved 1179648K
  class space    used 13069K, committed 13376K, reserved 1048576K
}

