# JRE version: OpenJDK Runtime Environment Temurin-17.0.7+7 (17.0.7+7) (build 17.0.7+7)
# Java VM: OpenJDK 64-Bit Server VM Temurin-17.0.7+7 (17.0.7+7, mixed mode, emulated-client, sharing, tiered, compressed oops, compressed class ptrs, g1 gc, windows-amd64)
GC Precious Log:
 CPUs: 12 total, 12 available
 Memory: 15754M
 Large Page Support: Disabled
 NUMA Support: Disabled
 Compressed Oops: Enabled (Zero based)
 Heap Region Size: 2M
 Heap Min Capacity: 8M
 Heap Initial Capacity: 248M
 Heap Max Capacity: 3940M
 Pre-touch: Disabled
 Parallel Workers: 10
 Concurrent Workers: 3
 Concurrent Refinement Workers: 10
 Periodic GC: Disabled
Heap:
 garbage-first heap   total 548864K, used 86964K [0x0000000709c00000, 0x0000000800000000)
  region size 2048K, 1 young (2048K), 1 survivors (2048K)
 Metaspace       used 87418K, committed 88064K, reserved 1179648K
  class space    used 12885K, committed 13184K, reserved 1048576K
GC Heap History (20 events):
Event: 4258.453 GC heap after
{Heap after GC invocations=232 (full 6):
 garbage-first heap   total 321536K, used 83698K [0x0000000709c00000, 0x0000000800000000)
  region size 2048K, 1 young (2048K), 1 survivors (2048K)
 Metaspace       used 87418K, committed 88064K, reserved 1179648K
  class space    used 12885K, committed 13184K, reserved 1048576K
}
Event: 4258.454 GC heap before
{Heap before GC invocations=232 (full 6):
 garbage-first heap   total 321536K, used 83698K [0x0000000709c00000, 0x0000000800000000)
  region size 2048K, 2 young (4096K), 1 survivors (2048K)
 Metaspace       used 87418K, committed 88064K, reserved 1179648K
  class space    used 12885K, committed 13184K, reserved 1048576K
}
Event: 4258.455 GC heap after
{Heap after GC invocations=233 (full 6):
 garbage-first heap   total 321536K, used 84521K [0x0000000709c00000, 0x0000000800000000)
  region size 2048K, 1 young (2048K), 1 survivors (2048K)
 Metaspace       used 87418K, committed 88064K, reserved 1179648K
  class space    used 12885K, committed 13184K, reserved 1048576K
}
Event: 4266.505 GC heap before
{Heap before GC invocations=234 (full 6):
 garbage-first heap   total 307200K, used 222086K [0x0000000709c00000, 0x0000000800000000)
  region size 2048K, 55 young (112640K), 1 survivors (2048K)
 Metaspace       used 87418K, committed 88064K, reserved 1179648K
  class space    used 12885K, committed 13184K, reserved 1048576K
}
Event: 4266.506 GC heap after
{Heap after GC invocations=235 (full 6):
 garbage-first heap   total 307200K, used 79447K [0x0000000709c00000, 0x0000000800000000)
  region size 2048K, 4 young (8192K), 4 survivors (8192K)
 Metaspace       used 87418K, committed 88064K, reserved 1179648K
  class space    used 12885K, committed 13184K, reserved 1048576K
}
Event: 4266.539 GC heap before
{Heap before GC invocations=235 (full 6):
 garbage-first heap   total 307200K, used 83543K [0x0000000709c00000, 0x0000000800000000)
  region size 2048K, 7 young (14336K), 4 survivors (8192K)
 Metaspace       used 87418K, committed 88064K, reserved 1179648K
  class space    used 12885K, committed 13184K, reserved 1048576K
}
Event: 4266.540 GC heap after
{Heap after GC invocations=236 (full 6):
 garbage-first heap   total 307200K, used 78304K [0x0000000709c00000, 0x0000000800000000)
  region size 2048K, 1 young (2048K), 1 survivors (2048K)
 Metaspace       used 87418K, committed 88064K, reserved 1179648K
  class space    used 12885K, committed 13184K, reserved 1048576K
}
Event: 4266.560 GC heap before
{Heap before GC invocations=236 (full 6):
 garbage-first heap   total 307200K, used 78304K [0x0000000709c00000, 0x0000000800000000)
  region size 2048K, 2 young (4096K), 1 survivors (2048K)
 Metaspace       used 87418K, committed 88064K, reserved 1179648K
  class space    used 12885K, committed 13184K, reserved 1048576K
}
Event: 4266.562 GC heap after
{Heap after GC invocations=237 (full 6):
 garbage-first heap   total 307200K, used 79276K [0x0000000709c00000, 0x0000000800000000)
  region size 2048K, 2 young (4096K), 2 survivors (4096K)
 Metaspace       used 87418K, committed 88064K, reserved 1179648K
  class space    used 12885K, committed 13184K, reserved 1048576K
}
Event: 4270.129 GC heap before
{Heap before GC invocations=238 (full 6):
 garbage-first heap   total 253952K, used 191529K [0x0000000709c00000, 0x0000000800000000)
  region size 2048K, 49 young (100352K), 2 survivors (4096K)
 Metaspace       used 87418K, committed 88064K, reserved 1179648K
  class space    used 12885K, committed 13184K, reserved 1048576K
}
Event: 4270.131 GC heap after
{Heap after GC invocations=239 (full 6):
 garbage-first heap   total 253952K, used 79044K [0x0000000709c00000, 0x0000000800000000)
  region size 2048K, 7 young (14336K), 7 survivors (14336K)
 Metaspace       used 87418K, committed 88064K, reserved 1179648K
  class space    used 12885K, committed 13184K, reserved 1048576K
}
Event: 4270.145 GC heap before
{Heap before GC invocations=239 (full 6):
 garbage-first heap   total 253952K, used 81092K [0x0000000709c00000, 0x0000000800000000)
  region size 2048K, 8 young (16384K), 7 survivors (14336K)
 Metaspace       used 87418K, committed 88064K, reserved 1179648K
  class space    used 12885K, committed 13184K, reserved 1048576K
}
Event: 4270.146 GC heap after
{Heap after GC invocations=240 (full 6):
 garbage-first heap   total 253952K, used 71840K [0x0000000709c00000, 0x0000000800000000)
  region size 2048K, 1 young (2048K), 1 survivors (2048K)
 Metaspace       used 87418K, committed 88064K, reserved 1179648K
  class space    used 12885K, committed 13184K, reserved 1048576K
}
Event: 4270.167 GC heap before
{Heap before GC invocations=240 (full 6):
 garbage-first heap   total 253952K, used 71840K [0x0000000709c00000, 0x0000000800000000)
  region size 2048K, 3 young (6144K), 1 survivors (2048K)
 Metaspace       used 87418K, committed 88064K, reserved 1179648K
  class space    used 12885K, committed 13184K, reserved 1048576K
}
Event: 4270.168 GC heap after
{Heap after GC invocations=241 (full 6):
 garbage-first heap   total 253952K, used 74779K [0x0000000709c00000, 0x0000000800000000)
  region size 2048K, 3 young (6144K), 3 survivors (6144K)
 Metaspace       used 87418K, committed 88064K, reserved 1179648K
  class space    used 12885K, committed 13184K, reserved 1048576K
}
Event: 4275.117 GC heap before
{Heap before GC invocations=242 (full 6):
 garbage-first heap   total 253952K, used 158747K [0x0000000709c00000, 0x0000000800000000)
  region size 2048K, 36 young (73728K), 3 survivors (6144K)
 Metaspace       used 87418K, committed 88064K, reserved 1179648K
  class space    used 12885K, committed 13184K, reserved 1048576K
}
Event: 4275.120 GC heap after
{Heap after GC invocations=243 (full 6):
 garbage-first heap   total 253952K, used 93380K [0x0000000709c00000, 0x0000000800000000)
  region size 2048K, 5 young (10240K), 5 survivors (10240K)
 Metaspace       used 87418K, committed 88064K, reserved 1179648K
  class space    used 12885K, committed 13184K, reserved 1048576K
}
Event: 4275.122 GC heap before
{Heap before GC invocations=243 (full 6):
 garbage-first heap   total 253952K, used 95428K [0x0000000709c00000, 0x0000000800000000)
  region size 2048K, 6 young (12288K), 5 survivors (10240K)
 Metaspace       used 87418K, committed 88064K, reserved 1179648K
  class space    used 12885K, committed 13184K, reserved 1048576K
}
Event: 4275.123 GC heap after
{Heap after GC invocations=244 (full 6):
 garbage-first heap   total 253952K, used 86143K [0x0000000709c00000, 0x0000000800000000)
  region size 2048K, 1 young (2048K), 1 survivors (2048K)
 Metaspace       used 87418K, committed 88064K, reserved 1179648K
  class space    used 12885K, committed 13184K, reserved 1048576K
}
Event: 4275.123 GC heap before
{Heap before GC invocations=244 (full 6):
 garbage-first heap   total 253952K, used 86143K [0x0000000709c00000, 0x0000000800000000)
  region size 2048K, 3 young (6144K), 1 survivors (2048K)
 Metaspace       used 87418K, committed 88064K, reserved 1179648K
  class space    used 12885K, committed 13184K, reserved 1048576K
}

