# JRE version: OpenJDK Runtime Environment Temurin-17.0.12+7 (17.0.12+7) (build 17.0.12+7)
# Java VM: OpenJDK 64-Bit Server VM Temurin-17.0.12+7 (17.0.12+7, mixed mode, tiered, compressed oops, compressed class ptrs, parallel gc, windows-amd64)
GC Precious Log:
 CPUs: 12 total, 12 available
 Memory: 15754M
 Large Page Support: Disabled
 NUMA Support: Disabled
 Compressed Oops: Enabled (32-bit)
 Alignments: Space 512K, Generation 512K, Heap 2M
 Heap Min Capacity: 100M
 Heap Initial Capacity: 100M
 Heap Max Capacity: 1G
 Pre-touch: Disabled
 Parallel Workers: 10
Heap:
 PSYoungGen      total 27648K, used 12866K [0x00000000eab00000, 0x00000000ecd00000, 0x0000000100000000)
  eden space 25600K, 42% used [0x00000000eab00000,0x00000000eb594a40,0x00000000ec400000)
  from space 2048K, 99% used [0x00000000ec600000,0x00000000ec7fc010,0x00000000ec800000)
  to   space 4608K, 0% used [0x00000000ec880000,0x00000000ec880000,0x00000000ecd00000)
 ParOldGen       total 339456K, used 313723K [0x00000000c0000000, 0x00000000d4b80000, 0x00000000eab00000)
  object space 339456K, 92% used [0x00000000c0000000,0x00000000d325ec90,0x00000000d4b80000)
 Metaspace       used 66979K, committed 68352K, reserved 1114112K
  class space    used 7124K, committed 7744K, reserved 1048576K
GC Heap History (20 events):
Event: 8.670 GC heap before
{Heap before GC invocations=207 (full 10):
 PSYoungGen      total 19968K, used 19958K [0x00000000eab00000, 0x00000000ec500000, 0x0000000100000000)
  eden space 16896K, 100% used [0x00000000eab00000,0x00000000ebb80000,0x00000000ebb80000)
  from space 3072K, 99% used [0x00000000ebb80000,0x00000000ebe7da10,0x00000000ebe80000)
  to   space 4096K, 0% used [0x00000000ec100000,0x00000000ec100000,0x00000000ec500000)
 ParOldGen       total 339456K, used 293900K [0x00000000c0000000, 0x00000000d4b80000, 0x00000000eab00000)
  object space 339456K, 86% used [0x00000000c0000000,0x00000000d1f03038,0x00000000d4b80000)
 Metaspace       used 63891K, committed 65152K, reserved 1114112K
  class space    used 6827K, committed 7424K, reserved 1048576K
}
Event: 8.674 GC heap after
{Heap after GC invocations=207 (full 10):
 PSYoungGen      total 19968K, used 1216K [0x00000000eab00000, 0x00000000ec280000, 0x0000000100000000)
  eden space 18432K, 0% used [0x00000000eab00000,0x00000000eab00000,0x00000000ebd00000)
  from space 1536K, 79% used [0x00000000ec100000,0x00000000ec230000,0x00000000ec280000)
  to   space 2048K, 0% used [0x00000000ebe80000,0x00000000ebe80000,0x00000000ec080000)
 ParOldGen       total 339456K, used 296706K [0x00000000c0000000, 0x00000000d4b80000, 0x00000000eab00000)
  object space 339456K, 87% used [0x00000000c0000000,0x00000000d21c0af8,0x00000000d4b80000)
 Metaspace       used 63891K, committed 65152K, reserved 1114112K
  class space    used 6827K, committed 7424K, reserved 1048576K
}
Event: 8.794 GC heap before
{Heap before GC invocations=208 (full 10):
 PSYoungGen      total 19968K, used 19648K [0x00000000eab00000, 0x00000000ec280000, 0x0000000100000000)
  eden space 18432K, 100% used [0x00000000eab00000,0x00000000ebd00000,0x00000000ebd00000)
  from space 1536K, 79% used [0x00000000ec100000,0x00000000ec230000,0x00000000ec280000)
  to   space 2048K, 0% used [0x00000000ebe80000,0x00000000ebe80000,0x00000000ec080000)
 ParOldGen       total 339456K, used 296706K [0x00000000c0000000, 0x00000000d4b80000, 0x00000000eab00000)
  object space 339456K, 87% used [0x00000000c0000000,0x00000000d21c0af8,0x00000000d4b80000)
 Metaspace       used 64172K, committed 65472K, reserved 1114112K
  class space    used 6862K, committed 7488K, reserved 1048576K
}
Event: 8.796 GC heap after
{Heap after GC invocations=208 (full 10):
 PSYoungGen      total 22016K, used 2048K [0x00000000eab00000, 0x00000000ec680000, 0x0000000100000000)
  eden space 19968K, 0% used [0x00000000eab00000,0x00000000eab00000,0x00000000ebe80000)
  from space 2048K, 100% used [0x00000000ebe80000,0x00000000ec080000,0x00000000ec080000)
  to   space 4096K, 0% used [0x00000000ec280000,0x00000000ec280000,0x00000000ec680000)
 ParOldGen       total 339456K, used 298150K [0x00000000c0000000, 0x00000000d4b80000, 0x00000000eab00000)
  object space 339456K, 87% used [0x00000000c0000000,0x00000000d2329b08,0x00000000d4b80000)
 Metaspace       used 64172K, committed 65472K, reserved 1114112K
  class space    used 6862K, committed 7488K, reserved 1048576K
}
Event: 8.887 GC heap before
{Heap before GC invocations=209 (full 10):
 PSYoungGen      total 22016K, used 22016K [0x00000000eab00000, 0x00000000ec680000, 0x0000000100000000)
  eden space 19968K, 100% used [0x00000000eab00000,0x00000000ebe80000,0x00000000ebe80000)
  from space 2048K, 100% used [0x00000000ebe80000,0x00000000ec080000,0x00000000ec080000)
  to   space 4096K, 0% used [0x00000000ec280000,0x00000000ec280000,0x00000000ec680000)
 ParOldGen       total 339456K, used 298150K [0x00000000c0000000, 0x00000000d4b80000, 0x00000000eab00000)
  object space 339456K, 87% used [0x00000000c0000000,0x00000000d2329b08,0x00000000d4b80000)
 Metaspace       used 64302K, committed 65600K, reserved 1114112K
  class space    used 6862K, committed 7488K, reserved 1048576K
}
Event: 8.889 GC heap after
{Heap after GC invocations=209 (full 10):
 PSYoungGen      total 23040K, used 1344K [0x00000000eab00000, 0x00000000ec480000, 0x0000000100000000)
  eden space 20992K, 0% used [0x00000000eab00000,0x00000000eab00000,0x00000000ebf80000)
  from space 2048K, 65% used [0x00000000ec280000,0x00000000ec3d0000,0x00000000ec480000)
  to   space 2560K, 0% used [0x00000000ebf80000,0x00000000ebf80000,0x00000000ec200000)
 ParOldGen       total 339456K, used 300209K [0x00000000c0000000, 0x00000000d4b80000, 0x00000000eab00000)
  object space 339456K, 88% used [0x00000000c0000000,0x00000000d252c788,0x00000000d4b80000)
 Metaspace       used 64302K, committed 65600K, reserved 1114112K
  class space    used 6862K, committed 7488K, reserved 1048576K
}
Event: 8.937 GC heap before
{Heap before GC invocations=210 (full 10):
 PSYoungGen      total 23040K, used 22336K [0x00000000eab00000, 0x00000000ec480000, 0x0000000100000000)
  eden space 20992K, 100% used [0x00000000eab00000,0x00000000ebf80000,0x00000000ebf80000)
  from space 2048K, 65% used [0x00000000ec280000,0x00000000ec3d0000,0x00000000ec480000)
  to   space 2560K, 0% used [0x00000000ebf80000,0x00000000ebf80000,0x00000000ec200000)
 ParOldGen       total 339456K, used 300209K [0x00000000c0000000, 0x00000000d4b80000, 0x00000000eab00000)
  object space 339456K, 88% used [0x00000000c0000000,0x00000000d252c788,0x00000000d4b80000)
 Metaspace       used 64344K, committed 65600K, reserved 1114112K
  class space    used 6866K, committed 7488K, reserved 1048576K
}
Event: 8.940 GC heap after
{Heap after GC invocations=210 (full 10):
 PSYoungGen      total 23552K, used 2560K [0x00000000eab00000, 0x00000000ecd00000, 0x0000000100000000)
  eden space 20992K, 0% used [0x00000000eab00000,0x00000000eab00000,0x00000000ebf80000)
  from space 2560K, 100% used [0x00000000ebf80000,0x00000000ec200000,0x00000000ec200000)
  to   space 6144K, 0% used [0x00000000ec700000,0x00000000ec700000,0x00000000ecd00000)
 ParOldGen       total 339456K, used 302907K [0x00000000c0000000, 0x00000000d4b80000, 0x00000000eab00000)
  object space 339456K, 89% used [0x00000000c0000000,0x00000000d27cefa0,0x00000000d4b80000)
 Metaspace       used 64344K, committed 65600K, reserved 1114112K
  class space    used 6866K, committed 7488K, reserved 1048576K
}
Event: 8.987 GC heap before
{Heap before GC invocations=211 (full 10):
 PSYoungGen      total 23552K, used 23552K [0x00000000eab00000, 0x00000000ecd00000, 0x0000000100000000)
  eden space 20992K, 100% used [0x00000000eab00000,0x00000000ebf80000,0x00000000ebf80000)
  from space 2560K, 100% used [0x00000000ebf80000,0x00000000ec200000,0x00000000ec200000)
  to   space 6144K, 0% used [0x00000000ec700000,0x00000000ec700000,0x00000000ecd00000)
 ParOldGen       total 339456K, used 302907K [0x00000000c0000000, 0x00000000d4b80000, 0x00000000eab00000)
  object space 339456K, 89% used [0x00000000c0000000,0x00000000d27cefa0,0x00000000d4b80000)
 Metaspace       used 64456K, committed 65728K, reserved 1114112K
  class space    used 6868K, committed 7488K, reserved 1048576K
}
Event: 8.990 GC heap after
{Heap after GC invocations=211 (full 10):
 PSYoungGen      total 25600K, used 2608K [0x00000000eab00000, 0x00000000eca00000, 0x0000000100000000)
  eden space 22528K, 0% used [0x00000000eab00000,0x00000000eab00000,0x00000000ec100000)
  from space 3072K, 84% used [0x00000000ec700000,0x00000000ec98c010,0x00000000eca00000)
  to   space 3584K, 0% used [0x00000000ec300000,0x00000000ec300000,0x00000000ec680000)
 ParOldGen       total 339456K, used 305164K [0x00000000c0000000, 0x00000000d4b80000, 0x00000000eab00000)
  object space 339456K, 89% used [0x00000000c0000000,0x00000000d2a031a0,0x00000000d4b80000)
 Metaspace       used 64456K, committed 65728K, reserved 1114112K
  class space    used 6868K, committed 7488K, reserved 1048576K
}
Event: 9.043 GC heap before
{Heap before GC invocations=212 (full 10):
 PSYoungGen      total 25600K, used 25136K [0x00000000eab00000, 0x00000000eca00000, 0x0000000100000000)
  eden space 22528K, 100% used [0x00000000eab00000,0x00000000ec100000,0x00000000ec100000)
  from space 3072K, 84% used [0x00000000ec700000,0x00000000ec98c010,0x00000000eca00000)
  to   space 3584K, 0% used [0x00000000ec300000,0x00000000ec300000,0x00000000ec680000)
 ParOldGen       total 339456K, used 305164K [0x00000000c0000000, 0x00000000d4b80000, 0x00000000eab00000)
  object space 339456K, 89% used [0x00000000c0000000,0x00000000d2a031a0,0x00000000d4b80000)
 Metaspace       used 64566K, committed 65856K, reserved 1114112K
  class space    used 6872K, committed 7488K, reserved 1048576K
}
Event: 9.046 GC heap after
{Heap after GC invocations=212 (full 10):
 PSYoungGen      total 27648K, used 3584K [0x00000000eab00000, 0x00000000ecb80000, 0x0000000100000000)
  eden space 24064K, 0% used [0x00000000eab00000,0x00000000eab00000,0x00000000ec280000)
  from space 3584K, 100% used [0x00000000ec300000,0x00000000ec680000,0x00000000ec680000)
  to   space 4608K, 0% used [0x00000000ec700000,0x00000000ec700000,0x00000000ecb80000)
 ParOldGen       total 339456K, used 305868K [0x00000000c0000000, 0x00000000d4b80000, 0x00000000eab00000)
  object space 339456K, 90% used [0x00000000c0000000,0x00000000d2ab31a0,0x00000000d4b80000)
 Metaspace       used 64566K, committed 65856K, reserved 1114112K
  class space    used 6872K, committed 7488K, reserved 1048576K
}
Event: 9.247 GC heap before
{Heap before GC invocations=213 (full 10):
 PSYoungGen      total 27648K, used 27648K [0x00000000eab00000, 0x00000000ecb80000, 0x0000000100000000)
  eden space 24064K, 100% used [0x00000000eab00000,0x00000000ec280000,0x00000000ec280000)
  from space 3584K, 100% used [0x00000000ec300000,0x00000000ec680000,0x00000000ec680000)
  to   space 4608K, 0% used [0x00000000ec700000,0x00000000ec700000,0x00000000ecb80000)
 ParOldGen       total 339456K, used 305868K [0x00000000c0000000, 0x00000000d4b80000, 0x00000000eab00000)
  object space 339456K, 90% used [0x00000000c0000000,0x00000000d2ab31a0,0x00000000d4b80000)
 Metaspace       used 65093K, committed 66368K, reserved 1114112K
  class space    used 6927K, committed 7552K, reserved 1048576K
}
Event: 9.250 GC heap after
{Heap after GC invocations=213 (full 10):
 PSYoungGen      total 28672K, used 2048K [0x00000000eab00000, 0x00000000eca00000, 0x0000000100000000)
  eden space 25600K, 0% used [0x00000000eab00000,0x00000000eab00000,0x00000000ec400000)
  from space 3072K, 66% used [0x00000000ec700000,0x00000000ec900020,0x00000000eca00000)
  to   space 3072K, 0% used [0x00000000ec400000,0x00000000ec400000,0x00000000ec700000)
 ParOldGen       total 339456K, used 309026K [0x00000000c0000000, 0x00000000d4b80000, 0x00000000eab00000)
  object space 339456K, 91% used [0x00000000c0000000,0x00000000d2dc88a0,0x00000000d4b80000)
 Metaspace       used 65093K, committed 66368K, reserved 1114112K
  class space    used 6927K, committed 7552K, reserved 1048576K
}
Event: 9.392 GC heap before
{Heap before GC invocations=214 (full 10):
 PSYoungGen      total 28672K, used 27648K [0x00000000eab00000, 0x00000000eca00000, 0x0000000100000000)
  eden space 25600K, 99% used [0x00000000eab00000,0x00000000ec3ffff8,0x00000000ec400000)
  from space 3072K, 66% used [0x00000000ec700000,0x00000000ec900020,0x00000000eca00000)
  to   space 3072K, 0% used [0x00000000ec400000,0x00000000ec400000,0x00000000ec700000)
 ParOldGen       total 339456K, used 309026K [0x00000000c0000000, 0x00000000d4b80000, 0x00000000eab00000)
  object space 339456K, 91% used [0x00000000c0000000,0x00000000d2dc88a0,0x00000000d4b80000)
 Metaspace       used 66382K, committed 67712K, reserved 1114112K
  class space    used 7081K, committed 7680K, reserved 1048576K
}
Event: 9.393 GC heap after
{Heap after GC invocations=214 (full 10):
 PSYoungGen      total 28672K, used 3040K [0x00000000eab00000, 0x00000000ecd00000, 0x0000000100000000)
  eden space 25600K, 0% used [0x00000000eab00000,0x00000000eab00000,0x00000000ec400000)
  from space 3072K, 98% used [0x00000000ec400000,0x00000000ec6f8010,0x00000000ec700000)
  to   space 4096K, 0% used [0x00000000ec900000,0x00000000ec900000,0x00000000ecd00000)
 ParOldGen       total 339456K, used 309506K [0x00000000c0000000, 0x00000000d4b80000, 0x00000000eab00000)
  object space 339456K, 91% used [0x00000000c0000000,0x00000000d2e408a0,0x00000000d4b80000)
 Metaspace       used 66382K, committed 67712K, reserved 1114112K
  class space    used 7081K, committed 7680K, reserved 1048576K
}
Event: 9.574 GC heap before
{Heap before GC invocations=215 (full 10):
 PSYoungGen      total 28672K, used 28640K [0x00000000eab00000, 0x00000000ecd00000, 0x0000000100000000)
  eden space 25600K, 100% used [0x00000000eab00000,0x00000000ec400000,0x00000000ec400000)
  from space 3072K, 98% used [0x00000000ec400000,0x00000000ec6f8010,0x00000000ec700000)
  to   space 4096K, 0% used [0x00000000ec900000,0x00000000ec900000,0x00000000ecd00000)
 ParOldGen       total 339456K, used 309506K [0x00000000c0000000, 0x00000000d4b80000, 0x00000000eab00000)
  object space 339456K, 91% used [0x00000000c0000000,0x00000000d2e408a0,0x00000000d4b80000)
 Metaspace       used 66821K, committed 68160K, reserved 1114112K
  class space    used 7120K, committed 7744K, reserved 1048576K
}
Event: 9.576 GC heap after
{Heap after GC invocations=215 (full 10):
 PSYoungGen      total 26624K, used 608K [0x00000000eab00000, 0x00000000eca00000, 0x0000000100000000)
  eden space 25600K, 0% used [0x00000000eab00000,0x00000000eab00000,0x00000000ec400000)
  from space 1024K, 59% used [0x00000000ec900000,0x00000000ec998000,0x00000000eca00000)
  to   space 2048K, 0% used [0x00000000ec600000,0x00000000ec600000,0x00000000ec800000)
 ParOldGen       total 339456K, used 312123K [0x00000000c0000000, 0x00000000d4b80000, 0x00000000eab00000)
  object space 339456K, 91% used [0x00000000c0000000,0x00000000d30cec90,0x00000000d4b80000)
 Metaspace       used 66821K, committed 68160K, reserved 1114112K
  class space    used 7120K, committed 7744K, reserved 1048576K
}
Event: 9.728 GC heap before
{Heap before GC invocations=216 (full 10):
 PSYoungGen      total 26624K, used 26208K [0x00000000eab00000, 0x00000000eca00000, 0x0000000100000000)
  eden space 25600K, 100% used [0x00000000eab00000,0x00000000ec400000,0x00000000ec400000)
  from space 1024K, 59% used [0x00000000ec900000,0x00000000ec998000,0x00000000eca00000)
  to   space 2048K, 0% used [0x00000000ec600000,0x00000000ec600000,0x00000000ec800000)
 ParOldGen       total 339456K, used 312123K [0x00000000c0000000, 0x00000000d4b80000, 0x00000000eab00000)
  object space 339456K, 91% used [0x00000000c0000000,0x00000000d30cec90,0x00000000d4b80000)
 Metaspace       used 66956K, committed 68288K, reserved 1114112K
  class space    used 7123K, committed 7744K, reserved 1048576K
}
Event: 9.730 GC heap after
{Heap after GC invocations=216 (full 10):
 PSYoungGen      total 27648K, used 2032K [0x00000000eab00000, 0x00000000ecd00000, 0x0000000100000000)
  eden space 25600K, 0% used [0x00000000eab00000,0x00000000eab00000,0x00000000ec400000)
  from space 2048K, 99% used [0x00000000ec600000,0x00000000ec7fc010,0x00000000ec800000)
  to   space 4608K, 0% used [0x00000000ec880000,0x00000000ec880000,0x00000000ecd00000)
 ParOldGen       total 339456K, used 313723K [0x00000000c0000000, 0x00000000d4b80000, 0x00000000eab00000)
  object space 339456K, 92% used [0x00000000c0000000,0x00000000d325ec90,0x00000000d4b80000)
 Metaspace       used 66956K, committed 68288K, reserved 1114112K
  class space    used 7123K, committed 7744K, reserved 1048576K
}

