# JRE version: OpenJDK Runtime Environment Temurin-17.0.7+7 (17.0.7+7) (build 17.0.7+7)
# Java VM: OpenJDK 64-Bit Server VM Temurin-17.0.7+7 (17.0.7+7, mixed mode, emulated-client, sharing, tiered, compressed oops, compressed class ptrs, g1 gc, windows-amd64)
GC Precious Log:
 CPUs: 12 total, 12 available
 Memory: 15754M
 Large Page Support: Disabled
 NUMA Support: Disabled
 Compressed Oops: Enabled (Zero based)
 Heap Region Size: 2M
 Heap Min Capacity: 8M
 Heap Initial Capacity: 248M
 Heap Max Capacity: 3940M
 Pre-touch: Disabled
 Parallel Workers: 10
 Concurrent Workers: 3
 Concurrent Refinement Workers: 10
 Periodic GC: Disabled
Heap:
 garbage-first heap   total 442368K, used 107430K [0x0000000709c00000, 0x0000000800000000)
  region size 2048K, 3 young (6144K), 3 survivors (6144K)
 Metaspace       used 89138K, committed 89856K, reserved 1179648K
  class space    used 13372K, committed 13696K, reserved 1048576K
GC Heap History (20 events):
Event: 7075.043 GC heap after
{Heap after GC invocations=274 (full 0):
 garbage-first heap   total 274432K, used 76009K [0x0000000709c00000, 0x0000000800000000)
  region size 2048K, 2 young (4096K), 2 survivors (4096K)
 Metaspace       used 89138K, committed 89856K, reserved 1179648K
  class space    used 13372K, committed 13696K, reserved 1048576K
}
Event: 7152.509 GC heap before
{Heap before GC invocations=275 (full 0):
 garbage-first heap   total 274432K, used 221417K [0x0000000709c00000, 0x0000000800000000)
  region size 2048K, 49 young (100352K), 2 survivors (4096K)
 Metaspace       used 89138K, committed 89856K, reserved 1179648K
  class space    used 13372K, committed 13696K, reserved 1048576K
}
Event: 7152.511 GC heap after
{Heap after GC invocations=276 (full 0):
 garbage-first heap   total 274432K, used 104099K [0x0000000709c00000, 0x0000000800000000)
  region size 2048K, 7 young (14336K), 7 survivors (14336K)
 Metaspace       used 89138K, committed 89856K, reserved 1179648K
  class space    used 13372K, committed 13696K, reserved 1048576K
}
Event: 7152.513 GC heap before
{Heap before GC invocations=276 (full 0):
 garbage-first heap   total 274432K, used 108195K [0x0000000709c00000, 0x0000000800000000)
  region size 2048K, 8 young (16384K), 7 survivors (14336K)
 Metaspace       used 89138K, committed 89856K, reserved 1179648K
  class space    used 13372K, committed 13696K, reserved 1048576K
}
Event: 7152.516 GC heap after
{Heap after GC invocations=277 (full 0):
 garbage-first heap   total 274432K, used 101037K [0x0000000709c00000, 0x0000000800000000)
  region size 2048K, 1 young (2048K), 1 survivors (2048K)
 Metaspace       used 89138K, committed 89856K, reserved 1179648K
  class space    used 13372K, committed 13696K, reserved 1048576K
}
Event: 7152.525 GC heap before
{Heap before GC invocations=277 (full 0):
 garbage-first heap   total 274432K, used 101037K [0x0000000709c00000, 0x0000000800000000)
  region size 2048K, 3 young (6144K), 1 survivors (2048K)
 Metaspace       used 89138K, committed 89856K, reserved 1179648K
  class space    used 13372K, committed 13696K, reserved 1048576K
}
Event: 7152.526 GC heap after
{Heap after GC invocations=278 (full 0):
 garbage-first heap   total 274432K, used 101894K [0x0000000709c00000, 0x0000000800000000)
  region size 2048K, 1 young (2048K), 1 survivors (2048K)
 Metaspace       used 89138K, committed 89856K, reserved 1179648K
  class space    used 13372K, committed 13696K, reserved 1048576K
}
Event: 7153.045 GC heap before
{Heap before GC invocations=279 (full 0):
 garbage-first heap   total 274432K, used 226822K [0x0000000709c00000, 0x0000000800000000)
  region size 2048K, 43 young (88064K), 1 survivors (2048K)
 Metaspace       used 89138K, committed 89856K, reserved 1179648K
  class space    used 13372K, committed 13696K, reserved 1048576K
}
Event: 7153.049 GC heap after
{Heap after GC invocations=280 (full 0):
 garbage-first heap   total 274432K, used 142496K [0x0000000709c00000, 0x0000000800000000)
  region size 2048K, 6 young (12288K), 6 survivors (12288K)
 Metaspace       used 89138K, committed 89856K, reserved 1179648K
  class space    used 13372K, committed 13696K, reserved 1048576K
}
Event: 7153.109 GC heap before
{Heap before GC invocations=280 (full 0):
 garbage-first heap   total 274432K, used 152736K [0x0000000709c00000, 0x0000000800000000)
  region size 2048K, 7 young (14336K), 6 survivors (12288K)
 Metaspace       used 89138K, committed 89856K, reserved 1179648K
  class space    used 13372K, committed 13696K, reserved 1048576K
}
Event: 7153.111 GC heap after
{Heap after GC invocations=281 (full 0):
 garbage-first heap   total 274432K, used 125618K [0x0000000709c00000, 0x0000000800000000)
  region size 2048K, 1 young (2048K), 1 survivors (2048K)
 Metaspace       used 89138K, committed 89856K, reserved 1179648K
  class space    used 13372K, committed 13696K, reserved 1048576K
}
Event: 7153.118 GC heap before
{Heap before GC invocations=281 (full 0):
 garbage-first heap   total 274432K, used 125618K [0x0000000709c00000, 0x0000000800000000)
  region size 2048K, 2 young (4096K), 1 survivors (2048K)
 Metaspace       used 89138K, committed 89856K, reserved 1179648K
  class space    used 13372K, committed 13696K, reserved 1048576K
}
Event: 7153.120 GC heap after
{Heap after GC invocations=282 (full 0):
 garbage-first heap   total 274432K, used 125882K [0x0000000709c00000, 0x0000000800000000)
  region size 2048K, 1 young (2048K), 1 survivors (2048K)
 Metaspace       used 89138K, committed 89856K, reserved 1179648K
  class space    used 13372K, committed 13696K, reserved 1048576K
}
Event: 7159.125 GC heap before
{Heap before GC invocations=283 (full 0):
 garbage-first heap   total 274432K, used 227262K [0x0000000709c00000, 0x0000000800000000)
  region size 2048K, 35 young (71680K), 1 survivors (2048K)
 Metaspace       used 89138K, committed 89856K, reserved 1179648K
  class space    used 13372K, committed 13696K, reserved 1048576K
}
Event: 7159.127 GC heap after
{Heap after GC invocations=284 (full 0):
 garbage-first heap   total 274432K, used 144856K [0x0000000709c00000, 0x0000000800000000)
  region size 2048K, 5 young (10240K), 5 survivors (10240K)
 Metaspace       used 89138K, committed 89856K, reserved 1179648K
  class space    used 13372K, committed 13696K, reserved 1048576K
}
Event: 7159.137 GC heap before
{Heap before GC invocations=284 (full 0):
 garbage-first heap   total 274432K, used 144856K [0x0000000709c00000, 0x0000000800000000)
  region size 2048K, 6 young (12288K), 5 survivors (10240K)
 Metaspace       used 89138K, committed 89856K, reserved 1179648K
  class space    used 13372K, committed 13696K, reserved 1048576K
}
Event: 7159.139 GC heap after
{Heap after GC invocations=285 (full 0):
 garbage-first heap   total 274432K, used 120743K [0x0000000709c00000, 0x0000000800000000)
  region size 2048K, 1 young (2048K), 1 survivors (2048K)
 Metaspace       used 89138K, committed 89856K, reserved 1179648K
  class space    used 13372K, committed 13696K, reserved 1048576K
}
Event: 7159.184 GC heap before
{Heap before GC invocations=285 (full 0):
 garbage-first heap   total 274432K, used 133031K [0x0000000709c00000, 0x0000000800000000)
  region size 2048K, 6 young (12288K), 1 survivors (2048K)
 Metaspace       used 89138K, committed 89856K, reserved 1179648K
  class space    used 13372K, committed 13696K, reserved 1048576K
}
Event: 7159.186 GC heap after
{Heap after GC invocations=286 (full 0):
 garbage-first heap   total 274432K, used 105677K [0x0000000709c00000, 0x0000000800000000)
  region size 2048K, 1 young (2048K), 1 survivors (2048K)
 Metaspace       used 89138K, committed 89856K, reserved 1179648K
  class space    used 13372K, committed 13696K, reserved 1048576K
}
Event: 7159.220 GC heap before
{Heap before GC invocations=286 (full 0):
 garbage-first heap   total 274432K, used 107725K [0x0000000709c00000, 0x0000000800000000)
  region size 2048K, 4 young (8192K), 1 survivors (2048K)
 Metaspace       used 89138K, committed 89856K, reserved 1179648K
  class space    used 13372K, committed 13696K, reserved 1048576K
}

